<?xml version="1.0" encoding="UTF-8"?>
<!-- Generated by org.testng.reporters.JUnitReportReporter -->
<testsuite skipped="0" hostname="LILAN" name="TestScript.DemoOne" tests="1" failures="0" timestamp="11 Jan 2021 13:09:09 GMT" time="22.377" errors="0">
  <testcase name="testCaseOne" time="22.377" classname="TestScript.DemoOne"/>
</testsuite> <!-- TestScript.DemoOne -->
