<?xml version="1.0" encoding="UTF-8"?>
<!-- Generated by org.testng.reporters.JUnitReportReporter -->
<testsuite skipped="0" hostname="LILAN" name="TestScript.DemoOne" tests="1" failures="0" timestamp="11 Jan 2021 12:52:10 GMT" time="0.016" errors="0">
  <testcase name="testCaseOne" time="0.016" classname="TestScript.DemoOne"/>
</testsuite> <!-- TestScript.DemoOne -->
