<?xml version="1.0" encoding="UTF-8"?>
<!-- Generated by org.testng.reporters.JUnitReportReporter -->
<testsuite skipped="0" hostname="LILAN" name="TestScript.DemoOne" tests="1" failures="0" timestamp="11 Jan 2021 13:10:37 GMT" time="40.138" errors="0">
  <testcase name="testCaseOne" time="40.138" classname="TestScript.DemoOne"/>
</testsuite> <!-- TestScript.DemoOne -->
