<?xml version="1.0" encoding="UTF-8"?>
<!-- Generated by org.testng.reporters.JUnitReportReporter -->
<testsuite skipped="0" hostname="LILAN" name="TestScript.DemoOne" tests="2" failures="0" timestamp="11 Jan 2021 14:17:48 GMT" time="14.276" errors="0">
  <testcase name="testCasetwo" time="1.012" classname="TestScript.DemoOne"/>
  <testcase name="testCaseOne" time="13.264" classname="TestScript.DemoOne"/>
</testsuite> <!-- TestScript.DemoOne -->
